<?xml version="1.0" encoding="UTF-8"?>
<!-- Generated by org.testng.reporters.JUnitReportReporter -->
<testsuite skipped="0" hostname="10503-2F-FB0V6T2" name="CBS.RegistrationTest" tests="1" failures="0" timestamp="2019-10-23T16:51:10 IST" time="154.402" errors="1">
  <testcase name="registerTest" time="154.402" classname="CBS.RegistrationTest">
    <error type="org.openqa.selenium.NoSuchElementException" message="no such element (An element could not be located on the page using the given search parameters (XPATH=&#039;//*[@id=&#039;btn Uncheck&#039;]&#039;))  (WARNING: The server did not provide any stacktrace information)
Command duration or timeout: 21.26 seconds
For documentation on this error, please visit: http://seleniumhq.org/exceptions/no_such_element.html
Build info: version: &#039;2.52.0&#039;, revision: &#039;4c2593cfc3689a7fcd7be52549167e5ccc93ad28&#039;, time: &#039;2016-02-11 11:22:43&#039;
System info: host: &#039;10503-2F-FB0V6T2&#039;, ip: &#039;192.168.64.246&#039;, os.name: &#039;Windows 10&#039;, os.arch: &#039;amd64&#039;, os.version: &#039;10.0&#039;, java.version: &#039;1.8.0_162&#039;
Driver info: io.appium.java_client.ios.IOSDriver
Capabilities [{device.majorVersion=12, dontGoHomeOnQuit=false, device.os=iOS, noReset=false, dontStopAppOnReset=false, reservationDuration=240, reportFormat=xml, fullReset=false, platform=ANY, deviceUDID=989240f183880fddcaff8ce3a01d58842aaa2317, install.only.for.update=false, desired={bundleId=com.communityMatrimony.CommunityMatrimony, reportDirectory=reports, reportFormat=xml, udid=989240f183880fddcaff8ce3a01d58842aaa2317, platformName=iOS, testName=Untitled}, device.serialNumber=989240f183880fddcaff8ce3a01d58842aaa2317, locationServicesAuthorized=false, device.version=12.4.2, automationName=XCUITest, reportDirectory=reports, autoWebview=false, udid=989240f183880fddcaff8ce3a01d58842aaa2317, platformName=iOS, testName=Untitled, device.screenSize=1242x2208, useKeystore=false, test.type=Mobile, device.manufacture=Apple, instrumentApp=false, appiumVersion=1.8.0, device.category=PHONE, bundleId=com.communityMatrimony.CommunityMatrimony, autoDismissAlerts=false, reportUrl=C:\Users\thulasi\appiumstudio-reports\reports\test511, newSessionWaitTimeout=300, keystorePath=~/.android/debug.keystore, waitForDeviceTimeout=120000, device.model=iPhone 6+, device.name=iPhone, autoGrantPermissions=false, takeScreenshots=true, projectName=, autoAcceptAlerts=false}]
Session ID: 739eed80-af57-45c4-aed6-3b4d74c011e4
*** Element info: {Using=xpath, value=//*[@id=&#039;btn Uncheck&#039;]}">
      <![CDATA[org.openqa.selenium.NoSuchElementException: no such element (An element could not be located on the page using the given search parameters (XPATH='//*[@id='btn Uncheck']'))  (WARNING: The server did not provide any stacktrace information)
Command duration or timeout: 21.26 seconds
For documentation on this error, please visit: http://seleniumhq.org/exceptions/no_such_element.html
Build info: version: '2.52.0', revision: '4c2593cfc3689a7fcd7be52549167e5ccc93ad28', time: '2016-02-11 11:22:43'
System info: host: '10503-2F-FB0V6T2', ip: '192.168.64.246', os.name: 'Windows 10', os.arch: 'amd64', os.version: '10.0', java.version: '1.8.0_162'
Driver info: io.appium.java_client.ios.IOSDriver
Capabilities [{device.majorVersion=12, dontGoHomeOnQuit=false, device.os=iOS, noReset=false, dontStopAppOnReset=false, reservationDuration=240, reportFormat=xml, fullReset=false, platform=ANY, deviceUDID=989240f183880fddcaff8ce3a01d58842aaa2317, install.only.for.update=false, desired={bundleId=com.communityMatrimony.CommunityMatrimony, reportDirectory=reports, reportFormat=xml, udid=989240f183880fddcaff8ce3a01d58842aaa2317, platformName=iOS, testName=Untitled}, device.serialNumber=989240f183880fddcaff8ce3a01d58842aaa2317, locationServicesAuthorized=false, device.version=12.4.2, automationName=XCUITest, reportDirectory=reports, autoWebview=false, udid=989240f183880fddcaff8ce3a01d58842aaa2317, platformName=iOS, testName=Untitled, device.screenSize=1242x2208, useKeystore=false, test.type=Mobile, device.manufacture=Apple, instrumentApp=false, appiumVersion=1.8.0, device.category=PHONE, bundleId=com.communityMatrimony.CommunityMatrimony, autoDismissAlerts=false, reportUrl=C:\Users\thulasi\appiumstudio-reports\reports\test511, newSessionWaitTimeout=300, keystorePath=~/.android/debug.keystore, waitForDeviceTimeout=120000, device.model=iPhone 6+, device.name=iPhone, autoGrantPermissions=false, takeScreenshots=true, projectName=, autoAcceptAlerts=false}]
Session ID: 739eed80-af57-45c4-aed6-3b4d74c011e4
*** Element info: {Using=xpath, value=//*[@id='btn Uncheck']}
at sun.reflect.NativeConstructorAccessorImpl.newInstance0(Native Method)
at sun.reflect.NativeConstructorAccessorImpl.newInstance(Unknown Source)
at sun.reflect.DelegatingConstructorAccessorImpl.newInstance(Unknown Source)
at java.lang.reflect.Constructor.newInstance(Unknown Source)
at org.openqa.selenium.remote.ErrorHandler.createThrowable(ErrorHandler.java:206)
at org.openqa.selenium.remote.ErrorHandler.throwIfResponseFailed(ErrorHandler.java:158)
at org.openqa.selenium.remote.RemoteWebDriver.execute(RemoteWebDriver.java:678)
at io.appium.java_client.DefaultGenericMobileDriver.execute(DefaultGenericMobileDriver.java:43)
at io.appium.java_client.AppiumDriver.execute(AppiumDriver.java:1)
at io.appium.java_client.ios.IOSDriver.execute(IOSDriver.java:1)
at org.openqa.selenium.remote.RemoteWebDriver.findElement(RemoteWebDriver.java:363)
at org.openqa.selenium.remote.RemoteWebDriver.findElementByXPath(RemoteWebDriver.java:500)
at io.appium.java_client.DefaultGenericMobileDriver.findElementByXPath(DefaultGenericMobileDriver.java:129)
at io.appium.java_client.AppiumDriver.findElementByXPath(AppiumDriver.java:1)
at io.appium.java_client.ios.IOSDriver.findElementByXPath(IOSDriver.java:1)
at org.openqa.selenium.By$ByXPath.findElement(By.java:361)
at org.openqa.selenium.remote.RemoteWebDriver.findElement(RemoteWebDriver.java:355)
at io.appium.java_client.DefaultGenericMobileDriver.findElement(DefaultGenericMobileDriver.java:51)
at io.appium.java_client.AppiumDriver.findElement(AppiumDriver.java:1)
at io.appium.java_client.ios.IOSDriver.findElement(IOSDriver.java:1)
at org.openqa.selenium.support.pagefactory.DefaultElementLocator.findElement(DefaultElementLocator.java:69)
at org.openqa.selenium.support.pagefactory.internal.LocatingElementHandler.invoke(LocatingElementHandler.java:38)
at com.sun.proxy.$Proxy7.click(Unknown Source)
at CBS.RegistrationTest.registerTest(RegistrationTest.java:229)
at sun.reflect.NativeMethodAccessorImpl.invoke0(Native Method)
at sun.reflect.NativeMethodAccessorImpl.invoke(Unknown Source)
at sun.reflect.DelegatingMethodAccessorImpl.invoke(Unknown Source)
at java.lang.reflect.Method.invoke(Unknown Source)
at org.testng.internal.MethodInvocationHelper.invokeMethod(MethodInvocationHelper.java:133)
at org.testng.internal.TestInvoker.invokeMethod(TestInvoker.java:584)
at org.testng.internal.TestInvoker.invokeTestMethod(TestInvoker.java:172)
at org.testng.internal.MethodRunner.runInSequence(MethodRunner.java:46)
at org.testng.internal.TestInvoker$MethodInvocationAgent.invoke(TestInvoker.java:804)
at org.testng.internal.TestInvoker.invokeTestMethods(TestInvoker.java:145)
at org.testng.internal.TestMethodWorker.invokeTestMethods(TestMethodWorker.java:146)
at org.testng.internal.TestMethodWorker.run(TestMethodWorker.java:128)
at java.util.ArrayList.forEach(Unknown Source)
at org.testng.TestRunner.privateRun(TestRunner.java:770)
at org.testng.TestRunner.run(TestRunner.java:591)
at org.testng.SuiteRunner.runTest(SuiteRunner.java:402)
at org.testng.SuiteRunner.runSequentially(SuiteRunner.java:396)
at org.testng.SuiteRunner.privateRun(SuiteRunner.java:355)
at org.testng.SuiteRunner.run(SuiteRunner.java:304)
at org.testng.SuiteRunnerWorker.runSuite(SuiteRunnerWorker.java:53)
at org.testng.SuiteRunnerWorker.run(SuiteRunnerWorker.java:96)
at org.testng.TestNG.runSuitesSequentially(TestNG.java:1180)
at org.testng.TestNG.runSuitesLocally(TestNG.java:1102)
at org.testng.TestNG.runSuites(TestNG.java:1032)
at org.testng.TestNG.run(TestNG.java:1000)
at org.testng.remote.AbstractRemoteTestNG.run(AbstractRemoteTestNG.java:115)
at org.testng.remote.RemoteTestNG.initAndRun(RemoteTestNG.java:251)
at org.testng.remote.RemoteTestNG.main(RemoteTestNG.java:77)
]]>
    </error>
  </testcase> <!-- registerTest -->
</testsuite> <!-- CBS.RegistrationTest -->
