<?xml version="1.0" encoding="UTF-8"?>
<!-- Generated by org.testng.reporters.JUnitReportReporter -->
<testsuite skipped="4" hostname="10503-2F-FB0V6T2" name="CBS.KeywordSearchTest" tests="6" failures="0" timestamp="2019-10-21T15:18:59 IST" time="34.405" errors="1">
  <testcase name="keywordSearchTest2" time="22.724" classname="CBS.KeywordSearchTest">
    <error type="org.openqa.selenium.WebDriverException" message="unknown error (An unknown server-side error occurred. status=&#039;false&#039;. Failed to complete internal method: &#039;click args: [NATIVE, xpath=(//*[@id=&#039;Edit&#039;])[1], 0, 1]&#039;, details: Element was not identified: &#039;xpath=(//*[@id=&#039;Edit&#039;])[1]&#039; at zone NATIVE)  (WARNING: The server did not provide any stacktrace information)
Command duration or timeout: 10.88 seconds
Build info: version: &#039;2.52.0&#039;, revision: &#039;4c2593cfc3689a7fcd7be52549167e5ccc93ad28&#039;, time: &#039;2016-02-11 11:22:43&#039;
System info: host: &#039;10503-2F-FB0V6T2&#039;, ip: &#039;192.168.64.246&#039;, os.name: &#039;Windows 10&#039;, os.arch: &#039;amd64&#039;, os.version: &#039;10.0&#039;, java.version: &#039;1.8.0_162&#039;
Driver info: io.appium.java_client.ios.IOSDriver
Capabilities [{device.majorVersion=12, dontGoHomeOnQuit=false, device.os=iOS, noReset=false, dontStopAppOnReset=false, reservationDuration=240, reportFormat=xml, fullReset=false, platform=ANY, deviceUDID=989240f183880fddcaff8ce3a01d58842aaa2317, install.only.for.update=false, desired={bundleId=com.communityMatrimony.CommunityMatrimony, reportDirectory=reports, reportFormat=xml, udid=989240f183880fddcaff8ce3a01d58842aaa2317, platformName=iOS, testName=Untitled}, device.serialNumber=989240f183880fddcaff8ce3a01d58842aaa2317, locationServicesAuthorized=false, device.version=12.4.2, automationName=XCUITest, reportDirectory=reports, autoWebview=false, udid=989240f183880fddcaff8ce3a01d58842aaa2317, platformName=iOS, testName=Untitled, device.screenSize=1242x2208, useKeystore=false, test.type=Mobile, device.manufacture=Apple, instrumentApp=false, appiumVersion=1.8.0, device.category=PHONE, bundleId=com.communityMatrimony.CommunityMatrimony, autoDismissAlerts=false, reportUrl=C:\Users\thulasi\appiumstudio-reports\reports\test422, newSessionWaitTimeout=300, keystorePath=~/.android/debug.keystore, waitForDeviceTimeout=120000, device.model=iPhone 6+, device.name=iPhone, autoGrantPermissions=false, takeScreenshots=true, projectName=, autoAcceptAlerts=false}]
Session ID: 4ba67062-456b-4d0a-ab7b-e007f1326831">
      <![CDATA[org.openqa.selenium.WebDriverException: unknown error (An unknown server-side error occurred. status='false'. Failed to complete internal method: 'click args: [NATIVE, xpath=(//*[@id='Edit'])[1], 0, 1]', details: Element was not identified: 'xpath=(//*[@id='Edit'])[1]' at zone NATIVE)  (WARNING: The server did not provide any stacktrace information)
Command duration or timeout: 10.88 seconds
Build info: version: '2.52.0', revision: '4c2593cfc3689a7fcd7be52549167e5ccc93ad28', time: '2016-02-11 11:22:43'
System info: host: '10503-2F-FB0V6T2', ip: '192.168.64.246', os.name: 'Windows 10', os.arch: 'amd64', os.version: '10.0', java.version: '1.8.0_162'
Driver info: io.appium.java_client.ios.IOSDriver
Capabilities [{device.majorVersion=12, dontGoHomeOnQuit=false, device.os=iOS, noReset=false, dontStopAppOnReset=false, reservationDuration=240, reportFormat=xml, fullReset=false, platform=ANY, deviceUDID=989240f183880fddcaff8ce3a01d58842aaa2317, install.only.for.update=false, desired={bundleId=com.communityMatrimony.CommunityMatrimony, reportDirectory=reports, reportFormat=xml, udid=989240f183880fddcaff8ce3a01d58842aaa2317, platformName=iOS, testName=Untitled}, device.serialNumber=989240f183880fddcaff8ce3a01d58842aaa2317, locationServicesAuthorized=false, device.version=12.4.2, automationName=XCUITest, reportDirectory=reports, autoWebview=false, udid=989240f183880fddcaff8ce3a01d58842aaa2317, platformName=iOS, testName=Untitled, device.screenSize=1242x2208, useKeystore=false, test.type=Mobile, device.manufacture=Apple, instrumentApp=false, appiumVersion=1.8.0, device.category=PHONE, bundleId=com.communityMatrimony.CommunityMatrimony, autoDismissAlerts=false, reportUrl=C:\Users\thulasi\appiumstudio-reports\reports\test422, newSessionWaitTimeout=300, keystorePath=~/.android/debug.keystore, waitForDeviceTimeout=120000, device.model=iPhone 6+, device.name=iPhone, autoGrantPermissions=false, takeScreenshots=true, projectName=, autoAcceptAlerts=false}]
Session ID: 4ba67062-456b-4d0a-ab7b-e007f1326831
at sun.reflect.NativeConstructorAccessorImpl.newInstance0(Native Method)
at sun.reflect.NativeConstructorAccessorImpl.newInstance(Unknown Source)
at sun.reflect.DelegatingConstructorAccessorImpl.newInstance(Unknown Source)
at java.lang.reflect.Constructor.newInstance(Unknown Source)
at org.openqa.selenium.remote.ErrorHandler.createThrowable(ErrorHandler.java:206)
at org.openqa.selenium.remote.ErrorHandler.throwIfResponseFailed(ErrorHandler.java:158)
at org.openqa.selenium.remote.RemoteWebDriver.execute(RemoteWebDriver.java:678)
at io.appium.java_client.DefaultGenericMobileDriver.execute(DefaultGenericMobileDriver.java:43)
at io.appium.java_client.AppiumDriver.execute(AppiumDriver.java:1)
at io.appium.java_client.ios.IOSDriver.execute(IOSDriver.java:1)
at org.openqa.selenium.remote.RemoteWebElement.execute(RemoteWebElement.java:327)
at io.appium.java_client.DefaultGenericMobileElement.execute(DefaultGenericMobileElement.java:37)
at io.appium.java_client.MobileElement.execute(MobileElement.java:1)
at io.appium.java_client.ios.IOSElement.execute(IOSElement.java:1)
at org.openqa.selenium.remote.RemoteWebElement.click(RemoteWebElement.java:85)
at sun.reflect.NativeMethodAccessorImpl.invoke0(Native Method)
at sun.reflect.NativeMethodAccessorImpl.invoke(Unknown Source)
at sun.reflect.DelegatingMethodAccessorImpl.invoke(Unknown Source)
at java.lang.reflect.Method.invoke(Unknown Source)
at org.openqa.selenium.support.pagefactory.internal.LocatingElementHandler.invoke(LocatingElementHandler.java:51)
at com.sun.proxy.$Proxy7.click(Unknown Source)
at CBS.KeywordSearchTest.keywordSearchTest2(KeywordSearchTest.java:115)
at sun.reflect.NativeMethodAccessorImpl.invoke0(Native Method)
at sun.reflect.NativeMethodAccessorImpl.invoke(Unknown Source)
at sun.reflect.DelegatingMethodAccessorImpl.invoke(Unknown Source)
at java.lang.reflect.Method.invoke(Unknown Source)
at org.testng.internal.MethodInvocationHelper.invokeMethod(MethodInvocationHelper.java:133)
at org.testng.internal.TestInvoker.invokeMethod(TestInvoker.java:584)
at org.testng.internal.TestInvoker.invokeTestMethod(TestInvoker.java:172)
at org.testng.internal.MethodRunner.runInSequence(MethodRunner.java:46)
at org.testng.internal.TestInvoker$MethodInvocationAgent.invoke(TestInvoker.java:804)
at org.testng.internal.TestInvoker.invokeTestMethods(TestInvoker.java:145)
at org.testng.internal.TestMethodWorker.invokeTestMethods(TestMethodWorker.java:146)
at org.testng.internal.TestMethodWorker.run(TestMethodWorker.java:128)
at java.util.ArrayList.forEach(Unknown Source)
at org.testng.TestRunner.privateRun(TestRunner.java:770)
at org.testng.TestRunner.run(TestRunner.java:591)
at org.testng.SuiteRunner.runTest(SuiteRunner.java:402)
at org.testng.SuiteRunner.runSequentially(SuiteRunner.java:396)
at org.testng.SuiteRunner.privateRun(SuiteRunner.java:355)
at org.testng.SuiteRunner.run(SuiteRunner.java:304)
at org.testng.SuiteRunnerWorker.runSuite(SuiteRunnerWorker.java:53)
at org.testng.SuiteRunnerWorker.run(SuiteRunnerWorker.java:96)
at org.testng.TestNG.runSuitesSequentially(TestNG.java:1180)
at org.testng.TestNG.runSuitesLocally(TestNG.java:1102)
at org.testng.TestNG.runSuites(TestNG.java:1032)
at org.testng.TestNG.run(TestNG.java:1000)
at org.testng.remote.AbstractRemoteTestNG.run(AbstractRemoteTestNG.java:115)
at org.testng.remote.RemoteTestNG.initAndRun(RemoteTestNG.java:251)
at org.testng.remote.RemoteTestNG.main(RemoteTestNG.java:77)
]]>
    </error>
  </testcase> <!-- keywordSearchTest2 -->
  <testcase name="keywordSearchTest1" time="11.681" classname="CBS.KeywordSearchTest"/>
  <testcase name="keywordSearchTest5" classname="CBS.KeywordSearchTest">
    <skipped/>
  </testcase> <!-- keywordSearchTest5 -->
  <testcase name="keywordSearchTest4" classname="CBS.KeywordSearchTest">
    <skipped/>
  </testcase> <!-- keywordSearchTest4 -->
  <testcase name="keywordSearchTest3" classname="CBS.KeywordSearchTest">
    <skipped/>
  </testcase> <!-- keywordSearchTest3 -->
  <testcase name="keywordSearchTest6" classname="CBS.KeywordSearchTest">
    <skipped/>
  </testcase> <!-- keywordSearchTest6 -->
</testsuite> <!-- CBS.KeywordSearchTest -->
