<?xml version="1.0" encoding="UTF-8"?>
<!-- Generated by org.testng.reporters.JUnitReportReporter -->
<testsuite skipped="1" hostname="10503-2F-FB0V6T2" name="EditPP_TestScripts.StarEditPP" tests="2" failures="1" timestamp="2020-02-17T12:59:01 IST" time="129.218" errors="0">
  <testcase name="star_ListingTest" time="129.218" classname="EditPP_TestScripts.StarEditPP">
    <failure type="java.lang.AssertionError" message="The following asserts failed:
	star not matching for profile 1 : IYR361606 did not expect to find [true] but found [false],
	star not matching for profile 2 : IYR360876 did not expect to find [true] but found [false],
	star not matching for profile 5 : IYR362236 did not expect to find [true] but found [false]">
      <![CDATA[java.lang.AssertionError: The following asserts failed:
star not matching for profile 1 : IYR361606 did not expect to find [true] but found [false],
star not matching for profile 2 : IYR360876 did not expect to find [true] but found [false],
star not matching for profile 5 : IYR362236 did not expect to find [true] but found [false]
at org.testng.asserts.SoftAssert.assertAll(SoftAssert.java:47)
at org.testng.asserts.SoftAssert.assertAll(SoftAssert.java:31)
at EditPP_TestScripts.StarEditPP.star_ListingTest(StarEditPP.java:295)
at sun.reflect.NativeMethodAccessorImpl.invoke0(Native Method)
at sun.reflect.NativeMethodAccessorImpl.invoke(Unknown Source)
at sun.reflect.DelegatingMethodAccessorImpl.invoke(Unknown Source)
at java.lang.reflect.Method.invoke(Unknown Source)
at org.testng.internal.MethodInvocationHelper.invokeMethod(MethodInvocationHelper.java:133)
at org.testng.internal.TestInvoker.invokeMethod(TestInvoker.java:584)
at org.testng.internal.TestInvoker.invokeTestMethod(TestInvoker.java:172)
at org.testng.internal.MethodRunner.runInSequence(MethodRunner.java:46)
at org.testng.internal.TestInvoker$MethodInvocationAgent.invoke(TestInvoker.java:804)
at org.testng.internal.TestInvoker.invokeTestMethods(TestInvoker.java:145)
at org.testng.internal.TestMethodWorker.invokeTestMethods(TestMethodWorker.java:146)
at org.testng.internal.TestMethodWorker.run(TestMethodWorker.java:128)
at java.util.ArrayList.forEach(Unknown Source)
at org.testng.TestRunner.privateRun(TestRunner.java:770)
at org.testng.TestRunner.run(TestRunner.java:591)
at org.testng.SuiteRunner.runTest(SuiteRunner.java:402)
at org.testng.SuiteRunner.runSequentially(SuiteRunner.java:396)
at org.testng.SuiteRunner.privateRun(SuiteRunner.java:355)
at org.testng.SuiteRunner.run(SuiteRunner.java:304)
at org.testng.SuiteRunnerWorker.runSuite(SuiteRunnerWorker.java:53)
at org.testng.SuiteRunnerWorker.run(SuiteRunnerWorker.java:96)
at org.testng.TestNG.runSuitesSequentially(TestNG.java:1180)
at org.testng.TestNG.runSuitesLocally(TestNG.java:1102)
at org.testng.TestNG.runSuites(TestNG.java:1032)
at org.testng.TestNG.run(TestNG.java:1000)
at org.testng.remote.AbstractRemoteTestNG.run(AbstractRemoteTestNG.java:115)
at org.testng.remote.RemoteTestNG.initAndRun(RemoteTestNG.java:251)
at org.testng.remote.RemoteTestNG.main(RemoteTestNG.java:77)
]]>
    </failure>
  </testcase> <!-- star_ListingTest -->
  <testcase name="star_SearchTest" classname="EditPP_TestScripts.StarEditPP">
    <skipped/>
  </testcase> <!-- star_SearchTest -->
</testsuite> <!-- EditPP_TestScripts.StarEditPP -->
