<?xml version="1.0" encoding="UTF-8"?>
<!-- Generated by org.testng.reporters.JUnitXMLReporter -->
<testsuite hostname="10503-INA523X9ZX-D" name="Test" tests="9" failures="1" timestamp="2 Feb 2018 11:45:12 GMT" time="1902.151" errors="0">
  <testcase name="preferences_Test" time="298.41" classname="com.cm.testscripts.MatchesS2Test"/>
  <testcase name="inboxRequests_S8Test" time="204.81" classname="com.cm.testscripts.InboxTest8"/>
  <testcase name="inboxRequests_S7Test" time="156.399" classname="com.cm.testscripts.InboxTest7"/>
  <testcase name="inboxRequests_S4Test" time="211.684" classname="com.cm.testscripts.InboxTest4"/>
  <testcase name="inboxMessages_S3Test" time="215.376" classname="com.cm.testscripts.InboxTest3"/>
  <testcase name="inboxRequests_S6Test" time="226.28" classname="com.cm.testscripts.InboxTest6"/>
  <testcase name="inboxRequests_S5Test" time="163.888" classname="com.cm.testscripts.InboxTest5"/>
  <testcase name="inboxInterests_S2Test" time="183.323" classname="com.cm.testscripts.InboxTest2"/>
  <testcase name="inboxInterests_S1Test" time="212.983" classname="com.cm.testscripts.InboxTest1">
    <failure type="org.openqa.selenium.NoSuchElementException" message="Unable to locate element: {&amp;quot;method&amp;quot;:&amp;quot;xpath&amp;quot;,&amp;quot;selector&amp;quot;:&amp;quot;//*[@id=&amp;apos;lightpic&amp;apos;]/div/div/div/div/div[3]/div[1]/div[2]&amp;quot;}
Command duration or timeout: 30.09 seconds
For documentation on this error, please visit: http://seleniumhq.org/exceptions/no_such_element.html
Build info: version: &amp;apos;2.53.1&amp;apos;, revision: &amp;apos;a36b8b1&amp;apos;, time: &amp;apos;2016-06-30 17:32:46&amp;apos;
System info: host: &amp;apos;10503-INA523X9ZX-D&amp;apos;, ip: &amp;apos;192.168.77.31&amp;apos;, os.name: &amp;apos;Windows 7&amp;apos;, os.arch: &amp;apos;amd64&amp;apos;, os.version: &amp;apos;6.1&amp;apos;, java.version: &amp;apos;1.8.0_144&amp;apos;
Driver info: org.openqa.selenium.firefox.FirefoxDriver
Capabilities [{applicationCacheEnabled=true, rotatable=false, handlesAlerts=true, databaseEnabled=true, version=47.0.2, platform=WINDOWS, nativeEvents=false, acceptSslCerts=true, webStorageEnabled=true, locationContextEnabled=true, browserName=firefox, takesScreenshot=true, javascriptEnabled=true, cssSelectorsEnabled=true}]
Session ID: 12ca23f8-5f87-4749-ac0f-6b8ad2d29126
*** Element info: {Using=xpath, value=//*[@id=&amp;apos;lightpic&amp;apos;]/div/div/div/div/div[3]/div[1]/div[2]}">
      <![CDATA[org.openqa.selenium.NoSuchElementException: Unable to locate element: {"method":"xpath","selector":"//*[@id='lightpic']/div/div/div/div/div[3]/div[1]/div[2]"}
Command duration or timeout: 30.09 seconds
For documentation on this error, please visit: http://seleniumhq.org/exceptions/no_such_element.html
Build info: version: '2.53.1', revision: 'a36b8b1', time: '2016-06-30 17:32:46'
System info: host: '10503-INA523X9ZX-D', ip: '192.168.77.31', os.name: 'Windows 7', os.arch: 'amd64', os.version: '6.1', java.version: '1.8.0_144'
Driver info: org.openqa.selenium.firefox.FirefoxDriver
Capabilities [{applicationCacheEnabled=true, rotatable=false, handlesAlerts=true, databaseEnabled=true, version=47.0.2, platform=WINDOWS, nativeEvents=false, acceptSslCerts=true, webStorageEnabled=true, locationContextEnabled=true, browserName=firefox, takesScreenshot=true, javascriptEnabled=true, cssSelectorsEnabled=true}]
Session ID: 12ca23f8-5f87-4749-ac0f-6b8ad2d29126
*** Element info: {Using=xpath, value=//*[@id='lightpic']/div/div/div/div/div[3]/div[1]/div[2]}
	at org.openqa.selenium.remote.ErrorHandler.createThrowable(ErrorHandler.java:206)
	at org.openqa.selenium.remote.ErrorHandler.throwIfResponseFailed(ErrorHandler.java:158)
	at org.openqa.selenium.remote.RemoteWebDriver.execute(RemoteWebDriver.java:678)
	at org.openqa.selenium.remote.RemoteWebDriver.findElement(RemoteWebDriver.java:363)
	at org.openqa.selenium.remote.RemoteWebDriver.findElementByXPath(RemoteWebDriver.java:500)
	at org.openqa.selenium.By$ByXPath.findElement(By.java:361)
	at org.openqa.selenium.remote.RemoteWebDriver.findElement(RemoteWebDriver.java:355)
	at com.cm.pages.HomePage.confirmMsg_InPopup(HomePage.java:79)
	at com.cm.testscripts.InboxTest1.inboxInterests_S1Test(InboxTest1.java:53)
Caused by: org.openqa.selenium.NoSuchElementException: Unable to locate element: {"method":"xpath","selector":"//*[@id='lightpic']/div/div/div/div/div[3]/div[1]/div[2]"}
For documentation on this error, please visit: http://seleniumhq.org/exceptions/no_such_element.html
Build info: version: '2.53.1', revision: 'a36b8b1', time: '2016-06-30 17:32:46'
System info: host: '10503-INA523X9ZX-D', ip: '192.168.77.31', os.name: 'Windows 7', os.arch: 'amd64', os.version: '6.1', java.version: '1.8.0_144'
Driver info: driver.version: unknown
	at <anonymous class>.FirefoxDriver.prototype.findElementInternal_(file:///C:/Users/Thulasi/AppData/Local/Temp/anonymous5920827940821456676webdriver-profile/extensions/fxdriver@googlecode.com/components/driver-component.js:10770)
	at <anonymous class>.fxdriver.Timer.prototype.setTimeout/<.notify(file:///C:/Users/Thulasi/AppData/Local/Temp/anonymous5920827940821456676webdriver-profile/extensions/fxdriver@googlecode.com/components/driver-component.js:625)
... Removed 27 stack frames]]>
    </failure>
  </testcase> <!-- inboxInterests_S1Test -->
</testsuite> <!-- Test -->
