<?xml version="1.0" encoding="UTF-8"?>
<!-- Generated by org.testng.reporters.JUnitReportReporter -->
<testsuite hostname="DESKTOP-230CPIP" name="com.cm.testscripts.SpecificRegisterTest" tests="1" failures="0" timestamp="28 Jun 2019 10:25:45 GMT" time="7.566" errors="1">
  <testcase name="bramhinRegisterTest" time="7.566" classname="com.cm.testscripts.SpecificRegisterTest">
    <error type="org.openqa.selenium.WebDriverException" message="Element is not clickable at point (476, 46.80000305175781). Other element would receive the click: &lt;input id=&quot;a12&quot; style=&quot;width:150px; padding:10px 10px !important&quot; onclick=&quot;if (this.value == &#039;Matrimony ID / E-mail&#039;) { this.value = &#039;&#039;; }&quot; onfocus=&quot;if (this.value == &#039;Matrimony ID / E-mail&#039;) { this.value = &#039;&#039;; }&quot; onblur=&quot;if (this.value == &#039;&#039;) { this.value = &#039;Matrimony ID / E-mail&#039;; }&quot; value=&quot;Matrimony ID / E-mail&quot; name=&quot;idEmail&quot; class=&quot;txtbox font13&quot; tabindex=&quot;1&quot; type=&quot;text&quot;&gt;
Command duration or timeout: 64 milliseconds
Build info: version: &#039;2.53.1&#039;, revision: &#039;a36b8b1&#039;, time: &#039;2016-06-30 17:32:46&#039;
System info: host: &#039;DESKTOP-230CPIP&#039;, ip: &#039;192.168.64.159&#039;, os.name: &#039;Windows 10&#039;, os.arch: &#039;amd64&#039;, os.version: &#039;10.0&#039;, java.version: &#039;1.8.0_162&#039;
Driver info: org.openqa.selenium.firefox.FirefoxDriver
Capabilities [{applicationCacheEnabled=true, rotatable=false, handlesAlerts=true, databaseEnabled=true, version=39.0, platform=WINDOWS, nativeEvents=false, acceptSslCerts=true, webStorageEnabled=true, locationContextEnabled=true, browserName=firefox, takesScreenshot=true, javascriptEnabled=true, cssSelectorsEnabled=true}]
Session ID: af2cf026-0f80-44e6-925e-18f1894cd7ac">
      <![CDATA[org.openqa.selenium.WebDriverException: Element is not clickable at point (476, 46.80000305175781). Other element would receive the click: <input id="a12" style="width:150px; padding:10px 10px !important" onclick="if (this.value == 'Matrimony ID / E-mail') { this.value = ''; }" onfocus="if (this.value == 'Matrimony ID / E-mail') { this.value = ''; }" onblur="if (this.value == '') { this.value = 'Matrimony ID / E-mail'; }" value="Matrimony ID / E-mail" name="idEmail" class="txtbox font13" tabindex="1" type="text">
Command duration or timeout: 64 milliseconds
Build info: version: '2.53.1', revision: 'a36b8b1', time: '2016-06-30 17:32:46'
System info: host: 'DESKTOP-230CPIP', ip: '192.168.64.159', os.name: 'Windows 10', os.arch: 'amd64', os.version: '10.0', java.version: '1.8.0_162'
Driver info: org.openqa.selenium.firefox.FirefoxDriver
Capabilities [{applicationCacheEnabled=true, rotatable=false, handlesAlerts=true, databaseEnabled=true, version=39.0, platform=WINDOWS, nativeEvents=false, acceptSslCerts=true, webStorageEnabled=true, locationContextEnabled=true, browserName=firefox, takesScreenshot=true, javascriptEnabled=true, cssSelectorsEnabled=true}]
Session ID: af2cf026-0f80-44e6-925e-18f1894cd7ac
	at sun.reflect.NativeConstructorAccessorImpl.newInstance0(Native Method)
	at sun.reflect.NativeConstructorAccessorImpl.newInstance(Unknown Source)
	at sun.reflect.DelegatingConstructorAccessorImpl.newInstance(Unknown Source)
	at java.lang.reflect.Constructor.newInstance(Unknown Source)
	at org.openqa.selenium.remote.ErrorHandler.createThrowable(ErrorHandler.java:206)
	at org.openqa.selenium.remote.ErrorHandler.throwIfResponseFailed(ErrorHandler.java:158)
	at org.openqa.selenium.remote.RemoteWebDriver.execute(RemoteWebDriver.java:678)
	at org.openqa.selenium.remote.RemoteWebElement.execute(RemoteWebElement.java:327)
	at org.openqa.selenium.remote.RemoteWebElement.click(RemoteWebElement.java:85)
	at com.cm.testscripts.SpecificRegisterTest.bramhinRegisterTest(SpecificRegisterTest.java:63)
	at sun.reflect.NativeMethodAccessorImpl.invoke0(Native Method)
	at sun.reflect.NativeMethodAccessorImpl.invoke(Unknown Source)
	at sun.reflect.DelegatingMethodAccessorImpl.invoke(Unknown Source)
	at java.lang.reflect.Method.invoke(Unknown Source)
	at org.testng.internal.MethodInvocationHelper.invokeMethod(MethodInvocationHelper.java:85)
	at org.testng.internal.Invoker.invokeMethod(Invoker.java:639)
	at org.testng.internal.Invoker.invokeTestMethod(Invoker.java:816)
	at org.testng.internal.Invoker.invokeTestMethods(Invoker.java:1124)
	at org.testng.internal.TestMethodWorker.invokeTestMethods(TestMethodWorker.java:125)
	at org.testng.internal.TestMethodWorker.run(TestMethodWorker.java:108)
	at org.testng.TestRunner.privateRun(TestRunner.java:774)
	at org.testng.TestRunner.run(TestRunner.java:624)
	at org.testng.SuiteRunner.runTest(SuiteRunner.java:359)
	at org.testng.SuiteRunner.runSequentially(SuiteRunner.java:354)
	at org.testng.SuiteRunner.privateRun(SuiteRunner.java:312)
	at org.testng.SuiteRunner.run(SuiteRunner.java:261)
	at org.testng.SuiteRunnerWorker.runSuite(SuiteRunnerWorker.java:52)
	at org.testng.SuiteRunnerWorker.run(SuiteRunnerWorker.java:86)
	at org.testng.TestNG.runSuitesSequentially(TestNG.java:1215)
	at org.testng.TestNG.runSuitesLocally(TestNG.java:1140)
	at org.testng.TestNG.run(TestNG.java:1048)
	at org.testng.remote.AbstractRemoteTestNG.run(AbstractRemoteTestNG.java:132)
	at org.testng.remote.RemoteTestNG.initAndRun(RemoteTestNG.java:230)
	at org.testng.remote.RemoteTestNG.main(RemoteTestNG.java:76)
]]>
    </error>
  </testcase> <!-- bramhinRegisterTest -->
</testsuite> <!-- com.cm.testscripts.SpecificRegisterTest -->
